This file contains any messages produced by compilers while
running configure, to aid debugging if configure makes a mistake.

It was created by uuid configure 0.9, which was
generated by GNU Autoconf 2.68.  Invocation command line was

  $ ./configure 

## --------- ##
## Platform. ##
## --------- ##

hostname = Reinas-MacBook-Pro.local
uname -m = x86_64
uname -r = 18.7.0
uname -s = Darwin
uname -v = Darwin Kernel Version 18.7.0: Tue Aug 20 16:57:14 PDT 2019; root:xnu-4903.271.2~2/RELEASE_X86_64

/usr/bin/uname -p = i386
/bin/uname -X     = unknown

/bin/arch              = unknown
/usr/bin/arch -k       = unknown
/usr/convex/getsysinfo = unknown
/usr/bin/hostinfo      = Mach kernel version:
	 Darwin Kernel Version 18.7.0: Tue Aug 20 16:57:14 PDT 2019; root:xnu-4903.271.2~2/RELEASE_X86_64
Kernel configured for up to 4 processors.
2 processors are physically available.
4 processors are logically available.
Processor type: x86_64h (Intel x86-64h Haswell)
Processors active: 0 1 2 3
Primary memory available: 8.00 gigabytes
Default processor set: 391 tasks, 1903 threads, 4 processors
Load average: 2.40, Mach factor: 1.59
/bin/machine           = unknown
/usr/bin/oslevel       = unknown
/bin/universe          = unknown

PATH: /usr/bin
PATH: /bin
PATH: /usr/sbin
PATH: /sbin
PATH: /usr/local/bin
PATH: /Library/TeX/texbin
PATH: /opt/X11/bin


## ----------- ##
## Core tests. ##
## ----------- ##

configure:2197: checking for gcc
configure:2224: result: gcc-9
configure:2453: checking for C compiler version
configure:2462: gcc-9 --version >&5
gcc-9 (Homebrew GCC 9.2.0_2) 9.2.0
Copyright (C) 2019 Free Software Foundation, Inc.
This is free software; see the source for copying conditions.  There is NO
warranty; not even for MERCHANTABILITY or FITNESS FOR A PARTICULAR PURPOSE.

configure:2473: $? = 0
configure:2462: gcc-9 -v >&5
Using built-in specs.
COLLECT_GCC=gcc-9
COLLECT_LTO_WRAPPER=/usr/local/Cellar/gcc/9.2.0_2/libexec/gcc/x86_64-apple-darwin18/9.2.0/lto-wrapper
Target: x86_64-apple-darwin18
Configured with: ../configure --build=x86_64-apple-darwin18 --prefix=/usr/local/Cellar/gcc/9.2.0_2 --libdir=/usr/local/Cellar/gcc/9.2.0_2/lib/gcc/9 --disable-nls --enable-checking=release --enable-languages=c,c++,objc,obj-c++,fortran --program-suffix=-9 --with-gmp=/usr/local/opt/gmp --with-mpfr=/usr/local/opt/mpfr --with-mpc=/usr/local/opt/libmpc --with-isl=/usr/local/opt/isl --with-system-zlib --with-pkgversion='Homebrew GCC 9.2.0_2' --with-bugurl=https://github.com/Homebrew/homebrew-core/issues --disable-multilib --with-native-system-header-dir=/usr/include --with-sysroot=/Library/Developer/CommandLineTools/SDKs/MacOSX10.14.sdk
Thread model: posix
gcc version 9.2.0 (Homebrew GCC 9.2.0_2) 
configure:2473: $? = 0
configure:2462: gcc-9 -V >&5
gcc-9: error: unrecognized command line option '-V'
gcc-9: fatal error: no input files
compilation terminated.
configure:2473: $? = 1
configure:2462: gcc-9 -qversion >&5
gcc-9: error: unrecognized command line option '-qversion'; did you mean '--version'?
gcc-9: fatal error: no input files
compilation terminated.
configure:2473: $? = 1
configure:2493: checking whether the C compiler works
configure:2515: gcc-9 -mtune=native -g -O2 -Wall -pedantic -Wconversion -isysroot /Library/Developer/CommandLineTools/SDKs/MacOSX.sdk -I/usr/local/include  conftest.c  >&5
configure:2519: $? = 0
configure:2567: result: yes
configure:2570: checking for C compiler default output file name
configure:2572: result: a.out
configure:2578: checking for suffix of executables
configure:2585: gcc-9 -o conftest -mtune=native -g -O2 -Wall -pedantic -Wconversion -isysroot /Library/Developer/CommandLineTools/SDKs/MacOSX.sdk -I/usr/local/include  conftest.c  >&5
configure:2589: $? = 0
configure:2611: result: 
configure:2633: checking whether we are cross compiling
configure:2641: gcc-9 -o conftest -mtune=native -g -O2 -Wall -pedantic -Wconversion -isysroot /Library/Developer/CommandLineTools/SDKs/MacOSX.sdk -I/usr/local/include  conftest.c  >&5
configure:2645: $? = 0
configure:2652: ./conftest
configure:2656: $? = 0
configure:2671: result: no
configure:2676: checking for suffix of object files
configure:2698: gcc-9 -c -mtune=native -g -O2 -Wall -pedantic -Wconversion -isysroot /Library/Developer/CommandLineTools/SDKs/MacOSX.sdk -I/usr/local/include conftest.c >&5
configure:2702: $? = 0
configure:2723: result: o
configure:2727: checking whether we are using the GNU C compiler
configure:2746: gcc-9 -c -mtune=native -g -O2 -Wall -pedantic -Wconversion -isysroot /Library/Developer/CommandLineTools/SDKs/MacOSX.sdk -I/usr/local/include conftest.c >&5
configure:2746: $? = 0
configure:2755: result: yes
configure:2764: checking whether gcc-9 accepts -g
configure:2784: gcc-9 -c -g -isysroot /Library/Developer/CommandLineTools/SDKs/MacOSX.sdk -I/usr/local/include conftest.c >&5
configure:2784: $? = 0
configure:2825: result: yes
configure:2842: checking for gcc-9 option to accept ISO C89
configure:2906: gcc-9  -c -mtune=native -g -O2 -Wall -pedantic -Wconversion -isysroot /Library/Developer/CommandLineTools/SDKs/MacOSX.sdk -I/usr/local/include conftest.c >&5
configure:2906: $? = 0
configure:2919: result: none needed
configure:2948: checking how to run the C preprocessor
configure:3018: result: gcc-9 -E
configure:3038: gcc-9 -E -isysroot /Library/Developer/CommandLineTools/SDKs/MacOSX.sdk -I/usr/local/include conftest.c
configure:3038: $? = 0
configure:3052: gcc-9 -E -isysroot /Library/Developer/CommandLineTools/SDKs/MacOSX.sdk -I/usr/local/include conftest.c
conftest.c:9:10: fatal error: ac_nonexistent.h: No such file or directory
    9 | #include <ac_nonexistent.h>
      |          ^~~~~~~~~~~~~~~~~~
compilation terminated.
configure:3052: $? = 1
configure: failed program was:
| /* confdefs.h */
| #define PACKAGE_NAME "uuid"
| #define PACKAGE_TARNAME "uuid"
| #define PACKAGE_VERSION "0.9"
| #define PACKAGE_STRING "uuid 0.9"
| #define PACKAGE_BUGREPORT "agower@bu.edu"
| #define PACKAGE_URL ""
| /* end confdefs.h.  */
| #include <ac_nonexistent.h>
configure:3081: checking for grep that handles long lines and -e
configure:3139: result: /usr/bin/grep
configure:3144: checking for egrep
configure:3206: result: /usr/bin/grep -E
configure:3211: checking for ANSI C header files
configure:3231: gcc-9 -c -mtune=native -g -O2 -Wall -pedantic -Wconversion -isysroot /Library/Developer/CommandLineTools/SDKs/MacOSX.sdk -I/usr/local/include conftest.c >&5
configure:3231: $? = 0
configure:3304: gcc-9 -o conftest -mtune=native -g -O2 -Wall -pedantic -Wconversion -isysroot /Library/Developer/CommandLineTools/SDKs/MacOSX.sdk -I/usr/local/include  conftest.c  >&5
configure:3304: $? = 0
configure:3304: ./conftest
configure:3304: $? = 0
configure:3315: result: yes
configure:3328: checking for sys/types.h
configure:3328: gcc-9 -c -mtune=native -g -O2 -Wall -pedantic -Wconversion -isysroot /Library/Developer/CommandLineTools/SDKs/MacOSX.sdk -I/usr/local/include conftest.c >&5
configure:3328: $? = 0
configure:3328: result: yes
configure:3328: checking for sys/stat.h
configure:3328: gcc-9 -c -mtune=native -g -O2 -Wall -pedantic -Wconversion -isysroot /Library/Developer/CommandLineTools/SDKs/MacOSX.sdk -I/usr/local/include conftest.c >&5
configure:3328: $? = 0
configure:3328: result: yes
configure:3328: checking for stdlib.h
configure:3328: gcc-9 -c -mtune=native -g -O2 -Wall -pedantic -Wconversion -isysroot /Library/Developer/CommandLineTools/SDKs/MacOSX.sdk -I/usr/local/include conftest.c >&5
configure:3328: $? = 0
configure:3328: result: yes
configure:3328: checking for string.h
configure:3328: gcc-9 -c -mtune=native -g -O2 -Wall -pedantic -Wconversion -isysroot /Library/Developer/CommandLineTools/SDKs/MacOSX.sdk -I/usr/local/include conftest.c >&5
configure:3328: $? = 0
configure:3328: result: yes
configure:3328: checking for memory.h
configure:3328: gcc-9 -c -mtune=native -g -O2 -Wall -pedantic -Wconversion -isysroot /Library/Developer/CommandLineTools/SDKs/MacOSX.sdk -I/usr/local/include conftest.c >&5
configure:3328: $? = 0
configure:3328: result: yes
configure:3328: checking for strings.h
configure:3328: gcc-9 -c -mtune=native -g -O2 -Wall -pedantic -Wconversion -isysroot /Library/Developer/CommandLineTools/SDKs/MacOSX.sdk -I/usr/local/include conftest.c >&5
configure:3328: $? = 0
configure:3328: result: yes
configure:3328: checking for inttypes.h
configure:3328: gcc-9 -c -mtune=native -g -O2 -Wall -pedantic -Wconversion -isysroot /Library/Developer/CommandLineTools/SDKs/MacOSX.sdk -I/usr/local/include conftest.c >&5
configure:3328: $? = 0
configure:3328: result: yes
configure:3328: checking for stdint.h
configure:3328: gcc-9 -c -mtune=native -g -O2 -Wall -pedantic -Wconversion -isysroot /Library/Developer/CommandLineTools/SDKs/MacOSX.sdk -I/usr/local/include conftest.c >&5
configure:3328: $? = 0
configure:3328: result: yes
configure:3328: checking for unistd.h
configure:3328: gcc-9 -c -mtune=native -g -O2 -Wall -pedantic -Wconversion -isysroot /Library/Developer/CommandLineTools/SDKs/MacOSX.sdk -I/usr/local/include conftest.c >&5
configure:3328: $? = 0
configure:3328: result: yes
configure:3345: checking netinet/in.h usability
configure:3345: gcc-9 -c -mtune=native -g -O2 -Wall -pedantic -Wconversion -isysroot /Library/Developer/CommandLineTools/SDKs/MacOSX.sdk -I/usr/local/include conftest.c >&5
configure:3345: $? = 0
configure:3345: result: yes
configure:3345: checking netinet/in.h presence
configure:3345: gcc-9 -E -isysroot /Library/Developer/CommandLineTools/SDKs/MacOSX.sdk -I/usr/local/include conftest.c
configure:3345: $? = 0
configure:3345: result: yes
configure:3345: checking for netinet/in.h
configure:3345: result: yes
configure:3345: checking for stdlib.h
configure:3345: result: yes
configure:3345: checking sys/file.h usability
configure:3345: gcc-9 -c -mtune=native -g -O2 -Wall -pedantic -Wconversion -isysroot /Library/Developer/CommandLineTools/SDKs/MacOSX.sdk -I/usr/local/include conftest.c >&5
configure:3345: $? = 0
configure:3345: result: yes
configure:3345: checking sys/file.h presence
configure:3345: gcc-9 -E -isysroot /Library/Developer/CommandLineTools/SDKs/MacOSX.sdk -I/usr/local/include conftest.c
configure:3345: $? = 0
configure:3345: result: yes
configure:3345: checking for sys/file.h
configure:3345: result: yes
configure:3345: checking sys/ioctl.h usability
configure:3345: gcc-9 -c -mtune=native -g -O2 -Wall -pedantic -Wconversion -isysroot /Library/Developer/CommandLineTools/SDKs/MacOSX.sdk -I/usr/local/include conftest.c >&5
configure:3345: $? = 0
configure:3345: result: yes
configure:3345: checking sys/ioctl.h presence
configure:3345: gcc-9 -E -isysroot /Library/Developer/CommandLineTools/SDKs/MacOSX.sdk -I/usr/local/include conftest.c
configure:3345: $? = 0
configure:3345: result: yes
configure:3345: checking for sys/ioctl.h
configure:3345: result: yes
configure:3345: checking sys/socket.h usability
configure:3345: gcc-9 -c -mtune=native -g -O2 -Wall -pedantic -Wconversion -isysroot /Library/Developer/CommandLineTools/SDKs/MacOSX.sdk -I/usr/local/include conftest.c >&5
configure:3345: $? = 0
configure:3345: result: yes
configure:3345: checking sys/socket.h presence
configure:3345: gcc-9 -E -isysroot /Library/Developer/CommandLineTools/SDKs/MacOSX.sdk -I/usr/local/include conftest.c
configure:3345: $? = 0
configure:3345: result: yes
configure:3345: checking for sys/socket.h
configure:3345: result: yes
configure:3345: checking sys/sockio.h usability
configure:3345: gcc-9 -c -mtune=native -g -O2 -Wall -pedantic -Wconversion -isysroot /Library/Developer/CommandLineTools/SDKs/MacOSX.sdk -I/usr/local/include conftest.c >&5
configure:3345: $? = 0
configure:3345: result: yes
configure:3345: checking sys/sockio.h presence
configure:3345: gcc-9 -E -isysroot /Library/Developer/CommandLineTools/SDKs/MacOSX.sdk -I/usr/local/include conftest.c
configure:3345: $? = 0
configure:3345: result: yes
configure:3345: checking for sys/sockio.h
configure:3345: result: yes
configure:3345: checking sys/syscall.h usability
configure:3345: gcc-9 -c -mtune=native -g -O2 -Wall -pedantic -Wconversion -isysroot /Library/Developer/CommandLineTools/SDKs/MacOSX.sdk -I/usr/local/include conftest.c >&5
configure:3345: $? = 0
configure:3345: result: yes
configure:3345: checking sys/syscall.h presence
configure:3345: gcc-9 -E -isysroot /Library/Developer/CommandLineTools/SDKs/MacOSX.sdk -I/usr/local/include conftest.c
configure:3345: $? = 0
configure:3345: result: yes
configure:3345: checking for sys/syscall.h
configure:3345: result: yes
configure:3345: checking sys/time.h usability
configure:3345: gcc-9 -c -mtune=native -g -O2 -Wall -pedantic -Wconversion -isysroot /Library/Developer/CommandLineTools/SDKs/MacOSX.sdk -I/usr/local/include conftest.c >&5
configure:3345: $? = 0
configure:3345: result: yes
configure:3345: checking sys/time.h presence
configure:3345: gcc-9 -E -isysroot /Library/Developer/CommandLineTools/SDKs/MacOSX.sdk -I/usr/local/include conftest.c
configure:3345: $? = 0
configure:3345: result: yes
configure:3345: checking for sys/time.h
configure:3345: result: yes
configure:3345: checking sys/un.h usability
configure:3345: gcc-9 -c -mtune=native -g -O2 -Wall -pedantic -Wconversion -isysroot /Library/Developer/CommandLineTools/SDKs/MacOSX.sdk -I/usr/local/include conftest.c >&5
configure:3345: $? = 0
configure:3345: result: yes
configure:3345: checking sys/un.h presence
configure:3345: gcc-9 -E -isysroot /Library/Developer/CommandLineTools/SDKs/MacOSX.sdk -I/usr/local/include conftest.c
configure:3345: $? = 0
configure:3345: result: yes
configure:3345: checking for sys/un.h
configure:3345: result: yes
configure:3345: checking for unistd.h
configure:3345: result: yes
configure:3358: checking for net/if.h
configure:3358: gcc-9 -c -mtune=native -g -O2 -Wall -pedantic -Wconversion -isysroot /Library/Developer/CommandLineTools/SDKs/MacOSX.sdk -I/usr/local/include conftest.c >&5
configure:3358: $? = 0
configure:3358: result: yes
configure:3358: checking for net/if_dl.h
configure:3358: gcc-9 -c -mtune=native -g -O2 -Wall -pedantic -Wconversion -isysroot /Library/Developer/CommandLineTools/SDKs/MacOSX.sdk -I/usr/local/include conftest.c >&5
configure:3358: $? = 0
configure:3358: result: yes
configure:3375: checking for jrand48
configure:3375: gcc-9 -o conftest -mtune=native -g -O2 -Wall -pedantic -Wconversion -isysroot /Library/Developer/CommandLineTools/SDKs/MacOSX.sdk -I/usr/local/include  conftest.c  >&5
configure:3375: $? = 0
configure:3375: result: yes
configure:3386: checking for flock
configure:3386: gcc-9 -o conftest -mtune=native -g -O2 -Wall -pedantic -Wconversion -isysroot /Library/Developer/CommandLineTools/SDKs/MacOSX.sdk -I/usr/local/include  conftest.c  >&5
configure:3386: $? = 0
configure:3386: result: yes
configure:3398: checking for struct sockaddr.sa_len
configure:3398: gcc-9 -c -mtune=native -g -O2 -Wall -pedantic -Wconversion -isysroot /Library/Developer/CommandLineTools/SDKs/MacOSX.sdk -I/usr/local/include conftest.c >&5
configure:3398: $? = 0
configure:3398: result: yes
configure:3412: checking dlfcn.h usability
configure:3412: gcc-9 -c -mtune=native -g -O2 -Wall -pedantic -Wconversion -isysroot /Library/Developer/CommandLineTools/SDKs/MacOSX.sdk -I/usr/local/include conftest.c >&5
configure:3412: $? = 0
configure:3412: result: yes
configure:3412: checking dlfcn.h presence
configure:3412: gcc-9 -E -isysroot /Library/Developer/CommandLineTools/SDKs/MacOSX.sdk -I/usr/local/include conftest.c
configure:3412: $? = 0
configure:3412: result: yes
configure:3412: checking for dlfcn.h
configure:3412: result: yes
configure:3422: checking for library containing dlsym
configure:3453: gcc-9 -o conftest -mtune=native -g -O2 -Wall -pedantic -Wconversion -isysroot /Library/Developer/CommandLineTools/SDKs/MacOSX.sdk -I/usr/local/include  conftest.c  >&5
configure:3453: $? = 0
configure:3470: result: none required
configure:3606: creating ./config.status

## ---------------------- ##
## Running config.status. ##
## ---------------------- ##

This file was extended by uuid config.status 0.9, which was
generated by GNU Autoconf 2.68.  Invocation command line was

  CONFIG_FILES    = 
  CONFIG_HEADERS  = 
  CONFIG_LINKS    = 
  CONFIG_COMMANDS = 
  $ ./config.status 

on Reinas-MacBook-Pro.local

config.status:828: creating src/Makevars
config.status:828: creating src/config.h
config.status:828: creating src/uuid.h
config.status:828: creating src/uuid_types.h

## ---------------- ##
## Cache variables. ##
## ---------------- ##

ac_cv_c_compiler_gnu=yes
ac_cv_env_CC_set=
ac_cv_env_CC_value=
ac_cv_env_CFLAGS_set=
ac_cv_env_CFLAGS_value=
ac_cv_env_CPPFLAGS_set=
ac_cv_env_CPPFLAGS_value=
ac_cv_env_CPP_set=
ac_cv_env_CPP_value=
ac_cv_env_LDFLAGS_set=
ac_cv_env_LDFLAGS_value=
ac_cv_env_LIBS_set=
ac_cv_env_LIBS_value=
ac_cv_env_build_alias_set=
ac_cv_env_build_alias_value=
ac_cv_env_host_alias_set=
ac_cv_env_host_alias_value=
ac_cv_env_target_alias_set=
ac_cv_env_target_alias_value=
ac_cv_func_flock=yes
ac_cv_func_jrand48=yes
ac_cv_header_dlfcn_h=yes
ac_cv_header_inttypes_h=yes
ac_cv_header_memory_h=yes
ac_cv_header_net_if_dl_h=yes
ac_cv_header_net_if_h=yes
ac_cv_header_netinet_in_h=yes
ac_cv_header_stdc=yes
ac_cv_header_stdint_h=yes
ac_cv_header_stdlib_h=yes
ac_cv_header_string_h=yes
ac_cv_header_strings_h=yes
ac_cv_header_sys_file_h=yes
ac_cv_header_sys_ioctl_h=yes
ac_cv_header_sys_socket_h=yes
ac_cv_header_sys_sockio_h=yes
ac_cv_header_sys_stat_h=yes
ac_cv_header_sys_syscall_h=yes
ac_cv_header_sys_time_h=yes
ac_cv_header_sys_types_h=yes
ac_cv_header_sys_un_h=yes
ac_cv_header_unistd_h=yes
ac_cv_member_struct_sockaddr_sa_len=yes
ac_cv_objext=o
ac_cv_path_EGREP='/usr/bin/grep -E'
ac_cv_path_GREP=/usr/bin/grep
ac_cv_prog_CPP='gcc-9 -E'
ac_cv_prog_ac_ct_CC=gcc-9
ac_cv_prog_cc_c89=
ac_cv_prog_cc_g=yes
ac_cv_search_dlsym='none required'

## ----------------- ##
## Output variables. ##
## ----------------- ##

CC='gcc-9'
CFLAGS='-mtune=native -g -O2 -Wall -pedantic -Wconversion'
CPP='gcc-9 -E'
CPPFLAGS='-isysroot /Library/Developer/CommandLineTools/SDKs/MacOSX.sdk -I/usr/local/include'
DEFS='-DHAVE_CONFIG_H'
ECHO_C='\c'
ECHO_N=''
ECHO_T=''
EGREP='/usr/bin/grep -E'
EXEEXT=''
GREP='/usr/bin/grep'
LDFLAGS=''
LIBOBJS=''
LIBS=''
LTLIBOBJS=''
OBJEXT='o'
PACKAGE_BUGREPORT='agower@bu.edu'
PACKAGE_NAME='uuid'
PACKAGE_STRING='uuid 0.9'
PACKAGE_TARNAME='uuid'
PACKAGE_URL=''
PACKAGE_VERSION='0.9'
PATH_SEPARATOR=':'
SHELL='/bin/sh'
ac_ct_CC='gcc-9'
bindir='${exec_prefix}/bin'
build_alias=''
datadir='${datarootdir}'
datarootdir='${prefix}/share'
docdir='${datarootdir}/doc/${PACKAGE_TARNAME}'
dvidir='${docdir}'
exec_prefix='${prefix}'
host_alias=''
htmldir='${docdir}'
includedir='${prefix}/include'
infodir='${datarootdir}/info'
libdir='${exec_prefix}/lib'
libexecdir='${exec_prefix}/libexec'
localedir='${datarootdir}/locale'
localstatedir='${prefix}/var'
mandir='${datarootdir}/man'
oldincludedir='/usr/include'
pdfdir='${docdir}'
prefix='/usr/local'
program_transform_name='s,x,x,'
psdir='${docdir}'
sbindir='${exec_prefix}/sbin'
sharedstatedir='${prefix}/com'
sysconfdir='${prefix}/etc'
target_alias=''

## ----------- ##
## confdefs.h. ##
## ----------- ##

/* confdefs.h */
#define PACKAGE_NAME "uuid"
#define PACKAGE_TARNAME "uuid"
#define PACKAGE_VERSION "0.9"
#define PACKAGE_STRING "uuid 0.9"
#define PACKAGE_BUGREPORT "agower@bu.edu"
#define PACKAGE_URL ""
#define STDC_HEADERS 1
#define HAVE_SYS_TYPES_H 1
#define HAVE_SYS_STAT_H 1
#define HAVE_STDLIB_H 1
#define HAVE_STRING_H 1
#define HAVE_MEMORY_H 1
#define HAVE_STRINGS_H 1
#define HAVE_INTTYPES_H 1
#define HAVE_STDINT_H 1
#define HAVE_UNISTD_H 1
#define HAVE_NETINET_IN_H 1
#define HAVE_STDLIB_H 1
#define HAVE_SYS_FILE_H 1
#define HAVE_SYS_IOCTL_H 1
#define HAVE_SYS_SOCKET_H 1
#define HAVE_SYS_SOCKIO_H 1
#define HAVE_SYS_SYSCALL_H 1
#define HAVE_SYS_TIME_H 1
#define HAVE_SYS_UN_H 1
#define HAVE_UNISTD_H 1
#define HAVE_NET_IF_H 1
#define HAVE_NET_IF_DL_H 1
#define HAVE_JRAND48 1
#define HAVE_FLOCK 1
#define HAVE_SA_LEN 1
#define HAVE_DLFCN_H 1
#define HAS_DLSYM 1

configure: exit 0
